{"/Users/markclark/Desktop/related-server/server/controllers/productController.js": {"path":"/Users/markclark/Desktop/related-server/server/controllers/productController.js","statementMap":{"0":{"start":{"line":1,"column":24},"end":{"line":1,"column":42}},"1":{"start":{"line":2,"column":12},"end":{"line":2,"column":65}},"2":{"start":{"line":3,"column":15},"end":{"line":3,"column":60}},"3":{"start":{"line":5,"column":0},"end":{"line":16,"column":2}},"4":{"start":{"line":7,"column":15},"end":{"line":7,"column":36}},"5":{"start":{"line":8,"column":19},"end":{"line":8,"column":69}},"6":{"start":{"line":9,"column":4},"end":{"line":14,"column":5}},"7":{"start":{"line":10,"column":17},"end":{"line":10,"column":90}},"8":{"start":{"line":11,"column":6},"end":{"line":11,"column":21}},"9":{"start":{"line":13,"column":6},"end":{"line":13,"column":27}}},"fnMap":{"0":{"name":"(anonymous_0)","decl":{"start":{"line":6,"column":18},"end":{"line":6,"column":19}},"loc":{"start":{"line":6,"column":38},"end":{"line":15,"column":3}},"line":6}},"branchMap":{"0":{"loc":{"start":{"line":2,"column":12},"end":{"line":2,"column":65}},"type":"binary-expr","locations":[{"start":{"line":2,"column":12},"end":{"line":2,"column":33}},{"start":{"line":2,"column":37},"end":{"line":2,"column":65}}],"line":2},"1":{"loc":{"start":{"line":3,"column":15},"end":{"line":3,"column":60}},"type":"binary-expr","locations":[{"start":{"line":3,"column":15},"end":{"line":3,"column":35}},{"start":{"line":3,"column":39},"end":{"line":3,"column":60}}],"line":3}},"s":{"0":5,"1":5,"2":5,"3":5,"4":3,"5":3,"6":3,"7":3,"8":3,"9":3},"f":{"0":3},"b":{"0":[5,5],"1":[5,5]},"_coverageSchema":"1a1c01bbd47fc00a2c39e90264f33305004495a9","hash":"9cf8fdd9d4b459abcdfb9ebc6e13c8d42aa465ba"}
,"/Users/markclark/Desktop/related-server/server/controllers/productsController.js": {"path":"/Users/markclark/Desktop/related-server/server/controllers/productsController.js","statementMap":{"0":{"start":{"line":1,"column":24},"end":{"line":1,"column":42}},"1":{"start":{"line":2,"column":12},"end":{"line":2,"column":65}},"2":{"start":{"line":3,"column":15},"end":{"line":3,"column":60}},"3":{"start":{"line":5,"column":0},"end":{"line":15,"column":2}},"4":{"start":{"line":7,"column":19},"end":{"line":7,"column":69}},"5":{"start":{"line":8,"column":4},"end":{"line":13,"column":5}},"6":{"start":{"line":9,"column":21},"end":{"line":9,"column":86}},"7":{"start":{"line":10,"column":6},"end":{"line":10,"column":25}},"8":{"start":{"line":12,"column":6},"end":{"line":12,"column":27}}},"fnMap":{"0":{"name":"(anonymous_0)","decl":{"start":{"line":6,"column":18},"end":{"line":6,"column":19}},"loc":{"start":{"line":6,"column":38},"end":{"line":14,"column":3}},"line":6}},"branchMap":{"0":{"loc":{"start":{"line":2,"column":12},"end":{"line":2,"column":65}},"type":"binary-expr","locations":[{"start":{"line":2,"column":12},"end":{"line":2,"column":33}},{"start":{"line":2,"column":37},"end":{"line":2,"column":65}}],"line":2},"1":{"loc":{"start":{"line":3,"column":15},"end":{"line":3,"column":60}},"type":"binary-expr","locations":[{"start":{"line":3,"column":15},"end":{"line":3,"column":35}},{"start":{"line":3,"column":39},"end":{"line":3,"column":60}}],"line":3}},"s":{"0":5,"1":5,"2":5,"3":5,"4":0,"5":0,"6":0,"7":0,"8":0},"f":{"0":0},"b":{"0":[5,5],"1":[5,5]},"_coverageSchema":"1a1c01bbd47fc00a2c39e90264f33305004495a9","hash":"2ee88a2b90eef7e874564b0ca35dcb2e6be9f293"}
,"/Users/markclark/Desktop/related-server/server/controllers/relatedController.js": {"path":"/Users/markclark/Desktop/related-server/server/controllers/relatedController.js","statementMap":{"0":{"start":{"line":1,"column":24},"end":{"line":1,"column":42}},"1":{"start":{"line":2,"column":12},"end":{"line":2,"column":65}},"2":{"start":{"line":3,"column":15},"end":{"line":3,"column":60}},"3":{"start":{"line":5,"column":0},"end":{"line":17,"column":2}},"4":{"start":{"line":7,"column":15},"end":{"line":7,"column":36}},"5":{"start":{"line":8,"column":19},"end":{"line":8,"column":69}},"6":{"start":{"line":9,"column":4},"end":{"line":15,"column":5}},"7":{"start":{"line":10,"column":17},"end":{"line":10,"column":90}},"8":{"start":{"line":11,"column":20},"end":{"line":11,"column":73}},"9":{"start":{"line":11,"column":49},"end":{"line":11,"column":72}},"10":{"start":{"line":12,"column":6},"end":{"line":12,"column":24}},"11":{"start":{"line":14,"column":6},"end":{"line":14,"column":27}}},"fnMap":{"0":{"name":"(anonymous_0)","decl":{"start":{"line":6,"column":14},"end":{"line":6,"column":15}},"loc":{"start":{"line":6,"column":34},"end":{"line":16,"column":3}},"line":6},"1":{"name":"(anonymous_1)","decl":{"start":{"line":11,"column":40},"end":{"line":11,"column":41}},"loc":{"start":{"line":11,"column":49},"end":{"line":11,"column":72}},"line":11}},"branchMap":{"0":{"loc":{"start":{"line":2,"column":12},"end":{"line":2,"column":65}},"type":"binary-expr","locations":[{"start":{"line":2,"column":12},"end":{"line":2,"column":33}},{"start":{"line":2,"column":37},"end":{"line":2,"column":65}}],"line":2},"1":{"loc":{"start":{"line":3,"column":15},"end":{"line":3,"column":60}},"type":"binary-expr","locations":[{"start":{"line":3,"column":15},"end":{"line":3,"column":35}},{"start":{"line":3,"column":39},"end":{"line":3,"column":60}}],"line":3}},"s":{"0":5,"1":5,"2":5,"3":5,"4":1,"5":1,"6":1,"7":1,"8":1,"9":5,"10":1,"11":1},"f":{"0":1,"1":5},"b":{"0":[5,5],"1":[5,5]},"_coverageSchema":"1a1c01bbd47fc00a2c39e90264f33305004495a9","hash":"eef4553fd92c7d9ad05fafb7961a81689577c3c4"}
,"/Users/markclark/Desktop/related-server/server/controllers/stylesController.js": {"path":"/Users/markclark/Desktop/related-server/server/controllers/stylesController.js","statementMap":{"0":{"start":{"line":1,"column":24},"end":{"line":1,"column":42}},"1":{"start":{"line":2,"column":12},"end":{"line":2,"column":65}},"2":{"start":{"line":3,"column":15},"end":{"line":3,"column":60}},"3":{"start":{"line":5,"column":0},"end":{"line":21,"column":2}},"4":{"start":{"line":7,"column":15},"end":{"line":7,"column":36}},"5":{"start":{"line":8,"column":19},"end":{"line":8,"column":69}},"6":{"start":{"line":9,"column":4},"end":{"line":19,"column":5}},"7":{"start":{"line":10,"column":17},"end":{"line":10,"column":90}},"8":{"start":{"line":11,"column":19},"end":{"line":11,"column":34}},"9":{"start":{"line":12,"column":19},"end":{"line":15,"column":7}},"10":{"start":{"line":16,"column":6},"end":{"line":16,"column":23}},"11":{"start":{"line":18,"column":6},"end":{"line":18,"column":27}}},"fnMap":{"0":{"name":"(anonymous_0)","decl":{"start":{"line":6,"column":17},"end":{"line":6,"column":18}},"loc":{"start":{"line":6,"column":37},"end":{"line":20,"column":3}},"line":6}},"branchMap":{"0":{"loc":{"start":{"line":2,"column":12},"end":{"line":2,"column":65}},"type":"binary-expr","locations":[{"start":{"line":2,"column":12},"end":{"line":2,"column":33}},{"start":{"line":2,"column":37},"end":{"line":2,"column":65}}],"line":2},"1":{"loc":{"start":{"line":3,"column":15},"end":{"line":3,"column":60}},"type":"binary-expr","locations":[{"start":{"line":3,"column":15},"end":{"line":3,"column":35}},{"start":{"line":3,"column":39},"end":{"line":3,"column":60}}],"line":3}},"s":{"0":5,"1":5,"2":5,"3":5,"4":1,"5":1,"6":1,"7":1,"8":1,"9":0,"10":0,"11":1},"f":{"0":1},"b":{"0":[5,5],"1":[5,5]},"_coverageSchema":"1a1c01bbd47fc00a2c39e90264f33305004495a9","hash":"3271e45de26c4956c0f2643e6aae3ad1eaadb9e9"}
,"/Users/markclark/Desktop/related-server/server/routes/index.js": {"path":"/Users/markclark/Desktop/related-server/server/routes/index.js","statementMap":{"0":{"start":{"line":1,"column":15},"end":{"line":1,"column":42}},"1":{"start":{"line":3,"column":0},"end":{"line":3,"column":55}},"2":{"start":{"line":4,"column":0},"end":{"line":4,"column":66}},"3":{"start":{"line":5,"column":0},"end":{"line":5,"column":72}},"4":{"start":{"line":6,"column":0},"end":{"line":6,"column":74}},"5":{"start":{"line":8,"column":0},"end":{"line":8,"column":24}}},"fnMap":{},"branchMap":{},"s":{"0":5,"1":5,"2":5,"3":5,"4":5,"5":5},"f":{},"b":{},"_coverageSchema":"1a1c01bbd47fc00a2c39e90264f33305004495a9","hash":"105ff6deb4f3db63403e87b0a40e2ebafb623871"}
,"/Users/markclark/Desktop/related-server/server/routes/productRoute.js": {"path":"/Users/markclark/Desktop/related-server/server/routes/productRoute.js","statementMap":{"0":{"start":{"line":1,"column":15},"end":{"line":1,"column":42}},"1":{"start":{"line":2,"column":26},"end":{"line":2,"column":72}},"2":{"start":{"line":4,"column":0},"end":{"line":4,"column":77}},"3":{"start":{"line":6,"column":0},"end":{"line":6,"column":24}}},"fnMap":{},"branchMap":{},"s":{"0":5,"1":5,"2":5,"3":5},"f":{},"b":{},"_coverageSchema":"1a1c01bbd47fc00a2c39e90264f33305004495a9","hash":"3ebbf190db758da7686a35371fdd18f58de5447e"}
,"/Users/markclark/Desktop/related-server/server/routes/productsRoute.js": {"path":"/Users/markclark/Desktop/related-server/server/routes/productsRoute.js","statementMap":{"0":{"start":{"line":1,"column":15},"end":{"line":1,"column":42}},"1":{"start":{"line":2,"column":27},"end":{"line":2,"column":74}},"2":{"start":{"line":4,"column":0},"end":{"line":4,"column":65}},"3":{"start":{"line":6,"column":0},"end":{"line":6,"column":24}}},"fnMap":{},"branchMap":{},"s":{"0":5,"1":5,"2":5,"3":5},"f":{},"b":{},"_coverageSchema":"1a1c01bbd47fc00a2c39e90264f33305004495a9","hash":"5e03b97f78ad52cdf6937517b9df47b7b6cf9158"}
,"/Users/markclark/Desktop/related-server/server/routes/relatedRoute.js": {"path":"/Users/markclark/Desktop/related-server/server/routes/relatedRoute.js","statementMap":{"0":{"start":{"line":1,"column":15},"end":{"line":1,"column":42}},"1":{"start":{"line":2,"column":26},"end":{"line":2,"column":72}},"2":{"start":{"line":4,"column":0},"end":{"line":4,"column":80}},"3":{"start":{"line":6,"column":0},"end":{"line":6,"column":24}}},"fnMap":{},"branchMap":{},"s":{"0":5,"1":5,"2":5,"3":5},"f":{},"b":{},"_coverageSchema":"1a1c01bbd47fc00a2c39e90264f33305004495a9","hash":"b78c80501a3e904e658a5c55035667d5c92db601"}
,"/Users/markclark/Desktop/related-server/server/routes/stylesRoute.js": {"path":"/Users/markclark/Desktop/related-server/server/routes/stylesRoute.js","statementMap":{"0":{"start":{"line":1,"column":15},"end":{"line":1,"column":42}},"1":{"start":{"line":2,"column":25},"end":{"line":2,"column":70}},"2":{"start":{"line":4,"column":0},"end":{"line":4,"column":81}},"3":{"start":{"line":6,"column":0},"end":{"line":6,"column":24}}},"fnMap":{},"branchMap":{},"s":{"0":5,"1":5,"2":5,"3":5},"f":{},"b":{},"_coverageSchema":"1a1c01bbd47fc00a2c39e90264f33305004495a9","hash":"059ec3749498ccade7f8eab1f73cc3ecc47d18d5"}
}
