TN:
SF:server/controllers/productController.js
FN:6,(anonymous_0)
FNF:1
FNH:1
FNDA:3,(anonymous_0)
DA:1,5
DA:2,5
DA:3,5
DA:5,5
DA:7,3
DA:8,3
DA:9,3
DA:10,3
DA:11,3
DA:13,3
LF:10
LH:10
BRDA:2,0,0,5
BRDA:2,0,1,5
BRDA:3,1,0,5
BRDA:3,1,1,5
BRF:4
BRH:4
end_of_record
TN:
SF:server/controllers/productsController.js
FN:6,(anonymous_0)
FNF:1
FNH:0
FNDA:0,(anonymous_0)
DA:1,5
DA:2,5
DA:3,5
DA:5,5
DA:7,0
DA:8,0
DA:9,0
DA:10,0
DA:12,0
LF:9
LH:4
BRDA:2,0,0,5
BRDA:2,0,1,5
BRDA:3,1,0,5
BRDA:3,1,1,5
BRF:4
BRH:4
end_of_record
TN:
SF:server/controllers/relatedController.js
FN:6,(anonymous_0)
FN:11,(anonymous_1)
FNF:2
FNH:2
FNDA:1,(anonymous_0)
FNDA:5,(anonymous_1)
DA:1,5
DA:2,5
DA:3,5
DA:5,5
DA:7,1
DA:8,1
DA:9,1
DA:10,1
DA:11,5
DA:12,1
DA:14,1
LF:11
LH:11
BRDA:2,0,0,5
BRDA:2,0,1,5
BRDA:3,1,0,5
BRDA:3,1,1,5
BRF:4
BRH:4
end_of_record
TN:
SF:server/controllers/stylesController.js
FN:6,(anonymous_0)
FNF:1
FNH:1
FNDA:1,(anonymous_0)
DA:1,5
DA:2,5
DA:3,5
DA:5,5
DA:7,1
DA:8,1
DA:9,1
DA:10,1
DA:11,1
DA:12,0
DA:16,0
DA:18,1
LF:12
LH:10
BRDA:2,0,0,5
BRDA:2,0,1,5
BRDA:3,1,0,5
BRDA:3,1,1,5
BRF:4
BRH:4
end_of_record
TN:
SF:server/routes/index.js
FNF:0
FNH:0
DA:1,5
DA:3,5
DA:4,5
DA:5,5
DA:6,5
DA:8,5
LF:6
LH:6
BRF:0
BRH:0
end_of_record
TN:
SF:server/routes/productRoute.js
FNF:0
FNH:0
DA:1,5
DA:2,5
DA:4,5
DA:6,5
LF:4
LH:4
BRF:0
BRH:0
end_of_record
TN:
SF:server/routes/productsRoute.js
FNF:0
FNH:0
DA:1,5
DA:2,5
DA:4,5
DA:6,5
LF:4
LH:4
BRF:0
BRH:0
end_of_record
TN:
SF:server/routes/relatedRoute.js
FNF:0
FNH:0
DA:1,5
DA:2,5
DA:4,5
DA:6,5
LF:4
LH:4
BRF:0
BRH:0
end_of_record
TN:
SF:server/routes/stylesRoute.js
FNF:0
FNH:0
DA:1,5
DA:2,5
DA:4,5
DA:6,5
LF:4
LH:4
BRF:0
BRH:0
end_of_record
